{"C:\\Users\\PC\\Desktop\\BOOTCAMP\\PHASE2_REMEDI\\Latihan\\New-Project\\app.js": {"path":"C:\\Users\\PC\\Desktop\\BOOTCAMP\\PHASE2_REMEDI\\Latihan\\New-Project\\app.js","statementMap":{"0":{"start":{"line":1,"column":0},"end":{"line":3,"column":1}},"1":{"start":{"line":2,"column":4},"end":{"line":2,"column":30}},"2":{"start":{"line":4,"column":16},"end":{"line":4,"column":34}},"3":{"start":{"line":5,"column":12},"end":{"line":5,"column":21}},"4":{"start":{"line":7,"column":21},"end":{"line":7,"column":58}},"5":{"start":{"line":9,"column":0},"end":{"line":9,"column":47}},"6":{"start":{"line":10,"column":0},"end":{"line":10,"column":24}},"7":{"start":{"line":12,"column":0},"end":{"line":14,"column":2}},"8":{"start":{"line":13,"column":4},"end":{"line":13,"column":28}},"9":{"start":{"line":15,"column":0},"end":{"line":15,"column":29}},"10":{"start":{"line":16,"column":0},"end":{"line":16,"column":21}},"11":{"start":{"line":21,"column":0},"end":{"line":21,"column":20}}},"fnMap":{"0":{"name":"(anonymous_0)","decl":{"start":{"line":12,"column":13},"end":{"line":12,"column":14}},"loc":{"start":{"line":12,"column":27},"end":{"line":14,"column":1}},"line":12}},"branchMap":{"0":{"loc":{"start":{"line":1,"column":0},"end":{"line":3,"column":1}},"type":"if","locations":[{"start":{"line":1,"column":0},"end":{"line":3,"column":1}},{"start":{},"end":{}}],"line":1}},"s":{"0":2,"1":2,"2":2,"3":2,"4":2,"5":2,"6":2,"7":2,"8":0,"9":2,"10":2,"11":2},"f":{"0":0},"b":{"0":[2,0]},"_coverageSchema":"1a1c01bbd47fc00a2c39e90264f33305004495a9","hash":"d880e09d9779e394fec5288aae334025a84a1c7f"}
,"C:\\Users\\PC\\Desktop\\BOOTCAMP\\PHASE2_REMEDI\\Latihan\\New-Project\\controllers\\categoryController.js": {"path":"C:\\Users\\PC\\Desktop\\BOOTCAMP\\PHASE2_REMEDI\\Latihan\\New-Project\\controllers\\categoryController.js","statementMap":{"0":{"start":{"line":1,"column":19},"end":{"line":1,"column":39}},"1":{"start":{"line":4,"column":8},"end":{"line":14,"column":9}},"2":{"start":{"line":5,"column":27},"end":{"line":5,"column":35}},"3":{"start":{"line":6,"column":27},"end":{"line":6,"column":56}},"4":{"start":{"line":7,"column":12},"end":{"line":10,"column":14}},"5":{"start":{"line":12,"column":12},"end":{"line":12,"column":31}},"6":{"start":{"line":13,"column":12},"end":{"line":13,"column":23}},"7":{"start":{"line":18,"column":8},"end":{"line":27,"column":9}},"8":{"start":{"line":19,"column":24},"end":{"line":19,"column":48}},"9":{"start":{"line":20,"column":12},"end":{"line":23,"column":14}},"10":{"start":{"line":25,"column":12},"end":{"line":25,"column":31}},"11":{"start":{"line":26,"column":12},"end":{"line":26,"column":23}},"12":{"start":{"line":30,"column":0},"end":{"line":30,"column":30}}},"fnMap":{"0":{"name":"(anonymous_0)","decl":{"start":{"line":3,"column":4},"end":{"line":3,"column":5}},"loc":{"start":{"line":3,"column":47},"end":{"line":15,"column":5}},"line":3},"1":{"name":"(anonymous_1)","decl":{"start":{"line":17,"column":4},"end":{"line":17,"column":5}},"loc":{"start":{"line":17,"column":46},"end":{"line":28,"column":5}},"line":17}},"branchMap":{},"s":{"0":2,"1":0,"2":0,"3":0,"4":0,"5":0,"6":0,"7":0,"8":0,"9":0,"10":0,"11":0,"12":2},"f":{"0":0,"1":0},"b":{},"_coverageSchema":"1a1c01bbd47fc00a2c39e90264f33305004495a9","hash":"20430fdd42dd329f8d3eb085c0f0f3f540114026"}
,"C:\\Users\\PC\\Desktop\\BOOTCAMP\\PHASE2_REMEDI\\Latihan\\New-Project\\controllers\\productController.js": {"path":"C:\\Users\\PC\\Desktop\\BOOTCAMP\\PHASE2_REMEDI\\Latihan\\New-Project\\controllers\\productController.js","statementMap":{"0":{"start":{"line":1,"column":26},"end":{"line":1,"column":46}},"1":{"start":{"line":4,"column":4},"end":{"line":25,"column":5}},"2":{"start":{"line":6,"column":72},"end":{"line":6,"column":80}},"3":{"start":{"line":8,"column":21},"end":{"line":8,"column":32}},"4":{"start":{"line":9,"column":25},"end":{"line":17,"column":8}},"5":{"start":{"line":18,"column":6},"end":{"line":21,"column":9}},"6":{"start":{"line":23,"column":6},"end":{"line":23,"column":25}},"7":{"start":{"line":24,"column":6},"end":{"line":24,"column":18}},"8":{"start":{"line":29,"column":4},"end":{"line":47,"column":5}},"9":{"start":{"line":30,"column":23},"end":{"line":39,"column":8}},"10":{"start":{"line":40,"column":6},"end":{"line":43,"column":9}},"11":{"start":{"line":45,"column":6},"end":{"line":45,"column":25}},"12":{"start":{"line":46,"column":6},"end":{"line":46,"column":18}},"13":{"start":{"line":51,"column":4},"end":{"line":68,"column":5}},"14":{"start":{"line":52,"column":72},"end":{"line":52,"column":80}},"15":{"start":{"line":53,"column":19},"end":{"line":53,"column":29}},"16":{"start":{"line":54,"column":21},"end":{"line":54,"column":32}},"17":{"start":{"line":55,"column":22},"end":{"line":55,"column":48}},"18":{"start":{"line":57,"column":4},"end":{"line":59,"column":5}},"19":{"start":{"line":58,"column":8},"end":{"line":58,"column":40}},"20":{"start":{"line":60,"column":28},"end":{"line":60,"column":120}},"21":{"start":{"line":61,"column":6},"end":{"line":64,"column":9}},"22":{"start":{"line":66,"column":6},"end":{"line":66,"column":25}},"23":{"start":{"line":67,"column":6},"end":{"line":67,"column":18}},"24":{"start":{"line":71,"column":4},"end":{"line":84,"column":5}},"25":{"start":{"line":72,"column":19},"end":{"line":72,"column":29}},"26":{"start":{"line":73,"column":22},"end":{"line":73,"column":48}},"27":{"start":{"line":74,"column":4},"end":{"line":76,"column":5}},"28":{"start":{"line":75,"column":8},"end":{"line":75,"column":40}},"29":{"start":{"line":77,"column":6},"end":{"line":77,"column":29}},"30":{"start":{"line":78,"column":6},"end":{"line":80,"column":9}},"31":{"start":{"line":82,"column":6},"end":{"line":82,"column":25}},"32":{"start":{"line":83,"column":6},"end":{"line":83,"column":18}},"33":{"start":{"line":87,"column":0},"end":{"line":87,"column":35}}},"fnMap":{"0":{"name":"(anonymous_0)","decl":{"start":{"line":3,"column":2},"end":{"line":3,"column":3}},"loc":{"start":{"line":3,"column":43},"end":{"line":26,"column":3}},"line":3},"1":{"name":"(anonymous_1)","decl":{"start":{"line":28,"column":2},"end":{"line":28,"column":3}},"loc":{"start":{"line":28,"column":43},"end":{"line":48,"column":3}},"line":28},"2":{"name":"(anonymous_2)","decl":{"start":{"line":50,"column":2},"end":{"line":50,"column":3}},"loc":{"start":{"line":50,"column":43},"end":{"line":69,"column":3}},"line":50},"3":{"name":"(anonymous_3)","decl":{"start":{"line":70,"column":2},"end":{"line":70,"column":3}},"loc":{"start":{"line":70,"column":45},"end":{"line":85,"column":3}},"line":70}},"branchMap":{"0":{"loc":{"start":{"line":57,"column":4},"end":{"line":59,"column":5}},"type":"if","locations":[{"start":{"line":57,"column":4},"end":{"line":59,"column":5}},{"start":{},"end":{}}],"line":57},"1":{"loc":{"start":{"line":74,"column":4},"end":{"line":76,"column":5}},"type":"if","locations":[{"start":{"line":74,"column":4},"end":{"line":76,"column":5}},{"start":{},"end":{}}],"line":74}},"s":{"0":2,"1":2,"2":2,"3":2,"4":2,"5":1,"6":1,"7":1,"8":0,"9":0,"10":0,"11":0,"12":0,"13":3,"14":3,"15":3,"16":3,"17":3,"18":3,"19":1,"20":2,"21":1,"22":2,"23":2,"24":2,"25":2,"26":2,"27":2,"28":1,"29":1,"30":1,"31":1,"32":1,"33":2},"f":{"0":2,"1":0,"2":3,"3":2},"b":{"0":[1,2],"1":[1,1]},"_coverageSchema":"1a1c01bbd47fc00a2c39e90264f33305004495a9","hash":"a412786bc423c9e2402052c46db33b27a0b09258"}
,"C:\\Users\\PC\\Desktop\\BOOTCAMP\\PHASE2_REMEDI\\Latihan\\New-Project\\controllers\\userController.js": {"path":"C:\\Users\\PC\\Desktop\\BOOTCAMP\\PHASE2_REMEDI\\Latihan\\New-Project\\controllers\\userController.js","statementMap":{"0":{"start":{"line":1,"column":28},"end":{"line":1,"column":56}},"1":{"start":{"line":2,"column":22},"end":{"line":2,"column":47}},"2":{"start":{"line":3,"column":15},"end":{"line":3,"column":35}},"3":{"start":{"line":6,"column":8},"end":{"line":19,"column":9}},"4":{"start":{"line":8,"column":72},"end":{"line":8,"column":80}},"5":{"start":{"line":9,"column":28},"end":{"line":9,"column":98}},"6":{"start":{"line":10,"column":12},"end":{"line":15,"column":14}},"7":{"start":{"line":17,"column":12},"end":{"line":17,"column":31}},"8":{"start":{"line":18,"column":12},"end":{"line":18,"column":23}},"9":{"start":{"line":23,"column":8},"end":{"line":55,"column":9}},"10":{"start":{"line":25,"column":44},"end":{"line":25,"column":52}},"11":{"start":{"line":27,"column":12},"end":{"line":29,"column":13}},"12":{"start":{"line":28,"column":16},"end":{"line":28,"column":46}},"13":{"start":{"line":30,"column":12},"end":{"line":32,"column":13}},"14":{"start":{"line":31,"column":16},"end":{"line":31,"column":49}},"15":{"start":{"line":33,"column":12},"end":{"line":35,"column":13}},"16":{"start":{"line":34,"column":16},"end":{"line":34,"column":45}},"17":{"start":{"line":36,"column":25},"end":{"line":36,"column":61}},"18":{"start":{"line":37,"column":12},"end":{"line":39,"column":13}},"19":{"start":{"line":38,"column":16},"end":{"line":38,"column":44}},"20":{"start":{"line":41,"column":36},"end":{"line":41,"column":76}},"21":{"start":{"line":43,"column":12},"end":{"line":45,"column":13}},"22":{"start":{"line":44,"column":16},"end":{"line":44,"column":48}},"23":{"start":{"line":46,"column":33},"end":{"line":46,"column":56}},"24":{"start":{"line":48,"column":12},"end":{"line":51,"column":14}},"25":{"start":{"line":53,"column":12},"end":{"line":53,"column":31}},"26":{"start":{"line":54,"column":12},"end":{"line":54,"column":23}},"27":{"start":{"line":59,"column":0},"end":{"line":59,"column":31}}},"fnMap":{"0":{"name":"(anonymous_0)","decl":{"start":{"line":5,"column":4},"end":{"line":5,"column":5}},"loc":{"start":{"line":5,"column":45},"end":{"line":20,"column":5}},"line":5},"1":{"name":"(anonymous_1)","decl":{"start":{"line":22,"column":4},"end":{"line":22,"column":5}},"loc":{"start":{"line":22,"column":42},"end":{"line":56,"column":5}},"line":22}},"branchMap":{"0":{"loc":{"start":{"line":27,"column":12},"end":{"line":29,"column":13}},"type":"if","locations":[{"start":{"line":27,"column":12},"end":{"line":29,"column":13}},{"start":{},"end":{}}],"line":27},"1":{"loc":{"start":{"line":30,"column":12},"end":{"line":32,"column":13}},"type":"if","locations":[{"start":{"line":30,"column":12},"end":{"line":32,"column":13}},{"start":{},"end":{}}],"line":30},"2":{"loc":{"start":{"line":33,"column":12},"end":{"line":35,"column":13}},"type":"if","locations":[{"start":{"line":33,"column":12},"end":{"line":35,"column":13}},{"start":{},"end":{}}],"line":33},"3":{"loc":{"start":{"line":37,"column":12},"end":{"line":39,"column":13}},"type":"if","locations":[{"start":{"line":37,"column":12},"end":{"line":39,"column":13}},{"start":{},"end":{}}],"line":37},"4":{"loc":{"start":{"line":43,"column":12},"end":{"line":45,"column":13}},"type":"if","locations":[{"start":{"line":43,"column":12},"end":{"line":45,"column":13}},{"start":{},"end":{}}],"line":43}},"s":{"0":2,"1":2,"2":2,"3":0,"4":0,"5":0,"6":0,"7":0,"8":0,"9":5,"10":5,"11":5,"12":1,"13":4,"14":1,"15":3,"16":0,"17":3,"18":3,"19":1,"20":2,"21":2,"22":1,"23":1,"24":1,"25":4,"26":4,"27":2},"f":{"0":0,"1":5},"b":{"0":[1,4],"1":[1,3],"2":[0,3],"3":[1,2],"4":[1,1]},"_coverageSchema":"1a1c01bbd47fc00a2c39e90264f33305004495a9","hash":"2c585910edf52c56e237760b6360a8265ef9f263"}
,"C:\\Users\\PC\\Desktop\\BOOTCAMP\\PHASE2_REMEDI\\Latihan\\New-Project\\helpers\\bcrypt.js": {"path":"C:\\Users\\PC\\Desktop\\BOOTCAMP\\PHASE2_REMEDI\\Latihan\\New-Project\\helpers\\bcrypt.js","statementMap":{"0":{"start":{"line":1,"column":15},"end":{"line":1,"column":34}},"1":{"start":{"line":3,"column":21},"end":{"line":5,"column":1}},"2":{"start":{"line":4,"column":4},"end":{"line":4,"column":40}},"3":{"start":{"line":6,"column":24},"end":{"line":8,"column":1}},"4":{"start":{"line":7,"column":4},"end":{"line":7,"column":52}},"5":{"start":{"line":9,"column":0},"end":{"line":9,"column":48}}},"fnMap":{"0":{"name":"(anonymous_0)","decl":{"start":{"line":3,"column":21},"end":{"line":3,"column":22}},"loc":{"start":{"line":3,"column":35},"end":{"line":5,"column":1}},"line":3},"1":{"name":"(anonymous_1)","decl":{"start":{"line":6,"column":24},"end":{"line":6,"column":25}},"loc":{"start":{"line":6,"column":51},"end":{"line":8,"column":1}},"line":6}},"branchMap":{},"s":{"0":2,"1":2,"2":4,"3":2,"4":2,"5":2},"f":{"0":4,"1":2},"b":{},"_coverageSchema":"1a1c01bbd47fc00a2c39e90264f33305004495a9","hash":"232cba91aa73dc880581d5a83f33c69d97e34fb2"}
,"C:\\Users\\PC\\Desktop\\BOOTCAMP\\PHASE2_REMEDI\\Latihan\\New-Project\\helpers\\jwt.js": {"path":"C:\\Users\\PC\\Desktop\\BOOTCAMP\\PHASE2_REMEDI\\Latihan\\New-Project\\helpers\\jwt.js","statementMap":{"0":{"start":{"line":1,"column":12},"end":{"line":1,"column":35}},"1":{"start":{"line":3,"column":19},"end":{"line":3,"column":41}},"2":{"start":{"line":5,"column":18},"end":{"line":7,"column":1}},"3":{"start":{"line":6,"column":4},"end":{"line":6,"column":40}},"4":{"start":{"line":8,"column":20},"end":{"line":10,"column":1}},"5":{"start":{"line":9,"column":4},"end":{"line":9,"column":40}},"6":{"start":{"line":12,"column":0},"end":{"line":12,"column":41}}},"fnMap":{"0":{"name":"(anonymous_0)","decl":{"start":{"line":5,"column":18},"end":{"line":5,"column":19}},"loc":{"start":{"line":5,"column":31},"end":{"line":7,"column":1}},"line":5},"1":{"name":"(anonymous_1)","decl":{"start":{"line":8,"column":20},"end":{"line":8,"column":21}},"loc":{"start":{"line":8,"column":31},"end":{"line":10,"column":1}},"line":8}},"branchMap":{},"s":{"0":2,"1":2,"2":2,"3":3,"4":2,"5":10,"6":2},"f":{"0":3,"1":10},"b":{},"_coverageSchema":"1a1c01bbd47fc00a2c39e90264f33305004495a9","hash":"57c51ff0f2cad053630ae0f6bc8776dfc95623d7"}
,"C:\\Users\\PC\\Desktop\\BOOTCAMP\\PHASE2_REMEDI\\Latihan\\New-Project\\middlewares\\authentication.js": {"path":"C:\\Users\\PC\\Desktop\\BOOTCAMP\\PHASE2_REMEDI\\Latihan\\New-Project\\middlewares\\authentication.js","statementMap":{"0":{"start":{"line":1,"column":24},"end":{"line":1,"column":49}},"1":{"start":{"line":2,"column":14},"end":{"line":2,"column":34}},"2":{"start":{"line":3,"column":23},"end":{"line":27,"column":1}},"3":{"start":{"line":4,"column":4},"end":{"line":26,"column":5}},"4":{"start":{"line":6,"column":28},"end":{"line":6,"column":53}},"5":{"start":{"line":7,"column":8},"end":{"line":9,"column":9}},"6":{"start":{"line":8,"column":12},"end":{"line":8,"column":45}},"7":{"start":{"line":10,"column":22},"end":{"line":10,"column":47}},"8":{"start":{"line":11,"column":8},"end":{"line":13,"column":9}},"9":{"start":{"line":12,"column":12},"end":{"line":12,"column":45}},"10":{"start":{"line":14,"column":25},"end":{"line":14,"column":43}},"11":{"start":{"line":16,"column":21},"end":{"line":16,"column":53}},"12":{"start":{"line":18,"column":8},"end":{"line":20,"column":9}},"13":{"start":{"line":19,"column":12},"end":{"line":19,"column":45}},"14":{"start":{"line":21,"column":8},"end":{"line":21,"column":24}},"15":{"start":{"line":22,"column":8},"end":{"line":22,"column":14}},"16":{"start":{"line":24,"column":8},"end":{"line":24,"column":27}},"17":{"start":{"line":25,"column":8},"end":{"line":25,"column":19}},"18":{"start":{"line":28,"column":0},"end":{"line":28,"column":31}}},"fnMap":{"0":{"name":"(anonymous_0)","decl":{"start":{"line":3,"column":23},"end":{"line":3,"column":24}},"loc":{"start":{"line":3,"column":48},"end":{"line":27,"column":1}},"line":3}},"branchMap":{"0":{"loc":{"start":{"line":7,"column":8},"end":{"line":9,"column":9}},"type":"if","locations":[{"start":{"line":7,"column":8},"end":{"line":9,"column":9}},{"start":{},"end":{}}],"line":7},"1":{"loc":{"start":{"line":11,"column":8},"end":{"line":13,"column":9}},"type":"if","locations":[{"start":{"line":11,"column":8},"end":{"line":13,"column":9}},{"start":{},"end":{}}],"line":11},"2":{"loc":{"start":{"line":18,"column":8},"end":{"line":20,"column":9}},"type":"if","locations":[{"start":{"line":18,"column":8},"end":{"line":20,"column":9}},{"start":{},"end":{}}],"line":18}},"s":{"0":2,"1":2,"2":2,"3":13,"4":13,"5":13,"6":3,"7":10,"8":10,"9":0,"10":10,"11":7,"12":7,"13":0,"14":7,"15":7,"16":6,"17":6,"18":2},"f":{"0":13},"b":{"0":[3,10],"1":[0,10],"2":[0,7]},"_coverageSchema":"1a1c01bbd47fc00a2c39e90264f33305004495a9","hash":"82fdb126c952aa8e757fdb540cf8f9b995746dd7"}
,"C:\\Users\\PC\\Desktop\\BOOTCAMP\\PHASE2_REMEDI\\Latihan\\New-Project\\middlewares\\authorization.js": {"path":"C:\\Users\\PC\\Desktop\\BOOTCAMP\\PHASE2_REMEDI\\Latihan\\New-Project\\middlewares\\authorization.js","statementMap":{"0":{"start":{"line":1,"column":24},"end":{"line":1,"column":44}},"1":{"start":{"line":2,"column":22},"end":{"line":16,"column":1}},"2":{"start":{"line":3,"column":4},"end":{"line":15,"column":5}},"3":{"start":{"line":4,"column":23},"end":{"line":4,"column":36}},"4":{"start":{"line":6,"column":8},"end":{"line":10,"column":9}},"5":{"start":{"line":7,"column":12},"end":{"line":7,"column":38}},"6":{"start":{"line":9,"column":12},"end":{"line":9,"column":18}},"7":{"start":{"line":13,"column":8},"end":{"line":13,"column":27}},"8":{"start":{"line":14,"column":8},"end":{"line":14,"column":19}},"9":{"start":{"line":17,"column":0},"end":{"line":17,"column":30}}},"fnMap":{"0":{"name":"(anonymous_0)","decl":{"start":{"line":2,"column":22},"end":{"line":2,"column":23}},"loc":{"start":{"line":2,"column":47},"end":{"line":16,"column":1}},"line":2}},"branchMap":{"0":{"loc":{"start":{"line":6,"column":8},"end":{"line":10,"column":9}},"type":"if","locations":[{"start":{"line":6,"column":8},"end":{"line":10,"column":9}},{"start":{"line":8,"column":14},"end":{"line":10,"column":9}}],"line":6}},"s":{"0":2,"1":2,"2":7,"3":7,"4":7,"5":0,"6":7,"7":0,"8":0,"9":2},"f":{"0":7},"b":{"0":[0,7]},"_coverageSchema":"1a1c01bbd47fc00a2c39e90264f33305004495a9","hash":"df4f378241679a9e175c159a8c2c48bc7c4a9a09"}
,"C:\\Users\\PC\\Desktop\\BOOTCAMP\\PHASE2_REMEDI\\Latihan\\New-Project\\middlewares\\errorHandler.js": {"path":"C:\\Users\\PC\\Desktop\\BOOTCAMP\\PHASE2_REMEDI\\Latihan\\New-Project\\middlewares\\errorHandler.js","statementMap":{"0":{"start":{"line":1,"column":21},"end":{"line":24,"column":1}},"1":{"start":{"line":2,"column":4},"end":{"line":22,"column":5}},"2":{"start":{"line":3,"column":8},"end":{"line":3,"column":64}},"3":{"start":{"line":4,"column":11},"end":{"line":22,"column":5}},"4":{"start":{"line":5,"column":8},"end":{"line":5,"column":64}},"5":{"start":{"line":6,"column":10},"end":{"line":22,"column":5}},"6":{"start":{"line":7,"column":8},"end":{"line":7,"column":60}},"7":{"start":{"line":8,"column":10},"end":{"line":22,"column":5}},"8":{"start":{"line":9,"column":8},"end":{"line":9,"column":63}},"9":{"start":{"line":10,"column":10},"end":{"line":22,"column":5}},"10":{"start":{"line":11,"column":8},"end":{"line":11,"column":59}},"11":{"start":{"line":12,"column":10},"end":{"line":22,"column":5}},"12":{"start":{"line":13,"column":8},"end":{"line":13,"column":60}},"13":{"start":{"line":14,"column":10},"end":{"line":22,"column":5}},"14":{"start":{"line":15,"column":8},"end":{"line":15,"column":65}},"15":{"start":{"line":16,"column":10},"end":{"line":22,"column":5}},"16":{"start":{"line":17,"column":8},"end":{"line":17,"column":56}},"17":{"start":{"line":18,"column":10},"end":{"line":22,"column":5}},"18":{"start":{"line":19,"column":8},"end":{"line":19,"column":63}},"19":{"start":{"line":20,"column":10},"end":{"line":22,"column":5}},"20":{"start":{"line":21,"column":8},"end":{"line":21,"column":62}},"21":{"start":{"line":23,"column":4},"end":{"line":23,"column":59}},"22":{"start":{"line":25,"column":0},"end":{"line":25,"column":29}}},"fnMap":{"0":{"name":"(anonymous_0)","decl":{"start":{"line":1,"column":21},"end":{"line":1,"column":22}},"loc":{"start":{"line":1,"column":48},"end":{"line":24,"column":1}},"line":1}},"branchMap":{"0":{"loc":{"start":{"line":2,"column":4},"end":{"line":22,"column":5}},"type":"if","locations":[{"start":{"line":2,"column":4},"end":{"line":22,"column":5}},{"start":{"line":4,"column":11},"end":{"line":22,"column":5}}],"line":2},"1":{"loc":{"start":{"line":4,"column":11},"end":{"line":22,"column":5}},"type":"if","locations":[{"start":{"line":4,"column":11},"end":{"line":22,"column":5}},{"start":{"line":6,"column":10},"end":{"line":22,"column":5}}],"line":4},"2":{"loc":{"start":{"line":6,"column":10},"end":{"line":22,"column":5}},"type":"if","locations":[{"start":{"line":6,"column":10},"end":{"line":22,"column":5}},{"start":{"line":8,"column":10},"end":{"line":22,"column":5}}],"line":6},"3":{"loc":{"start":{"line":8,"column":10},"end":{"line":22,"column":5}},"type":"if","locations":[{"start":{"line":8,"column":10},"end":{"line":22,"column":5}},{"start":{"line":10,"column":10},"end":{"line":22,"column":5}}],"line":8},"4":{"loc":{"start":{"line":10,"column":10},"end":{"line":22,"column":5}},"type":"if","locations":[{"start":{"line":10,"column":10},"end":{"line":22,"column":5}},{"start":{"line":12,"column":10},"end":{"line":22,"column":5}}],"line":10},"5":{"loc":{"start":{"line":12,"column":10},"end":{"line":22,"column":5}},"type":"if","locations":[{"start":{"line":12,"column":10},"end":{"line":22,"column":5}},{"start":{"line":14,"column":10},"end":{"line":22,"column":5}}],"line":12},"6":{"loc":{"start":{"line":14,"column":10},"end":{"line":22,"column":5}},"type":"if","locations":[{"start":{"line":14,"column":10},"end":{"line":22,"column":5}},{"start":{"line":16,"column":10},"end":{"line":22,"column":5}}],"line":14},"7":{"loc":{"start":{"line":16,"column":10},"end":{"line":22,"column":5}},"type":"if","locations":[{"start":{"line":16,"column":10},"end":{"line":22,"column":5}},{"start":{"line":18,"column":10},"end":{"line":22,"column":5}}],"line":16},"8":{"loc":{"start":{"line":18,"column":10},"end":{"line":22,"column":5}},"type":"if","locations":[{"start":{"line":18,"column":10},"end":{"line":22,"column":5}},{"start":{"line":20,"column":10},"end":{"line":22,"column":5}}],"line":18},"9":{"loc":{"start":{"line":20,"column":10},"end":{"line":22,"column":5}},"type":"if","locations":[{"start":{"line":20,"column":10},"end":{"line":22,"column":5}},{"start":{},"end":{}}],"line":20}},"s":{"0":2,"1":14,"2":2,"3":12,"4":0,"5":12,"6":1,"7":11,"8":1,"9":10,"10":0,"11":10,"12":1,"13":9,"14":1,"15":8,"16":6,"17":2,"18":2,"19":0,"20":0,"21":14,"22":2},"f":{"0":14},"b":{"0":[2,12],"1":[0,12],"2":[1,11],"3":[1,10],"4":[0,10],"5":[1,9],"6":[1,8],"7":[6,2],"8":[2,0],"9":[0,0]},"_coverageSchema":"1a1c01bbd47fc00a2c39e90264f33305004495a9","hash":"fac20017b0fc58801d6e1aea039c288bf2468ec2"}
,"C:\\Users\\PC\\Desktop\\BOOTCAMP\\PHASE2_REMEDI\\Latihan\\New-Project\\models\\category.js": {"path":"C:\\Users\\PC\\Desktop\\BOOTCAMP\\PHASE2_REMEDI\\Latihan\\New-Project\\models\\category.js","statementMap":{"0":{"start":{"line":4,"column":4},"end":{"line":4,"column":24}},"1":{"start":{"line":5,"column":0},"end":{"line":26,"column":2}},"2":{"start":{"line":19,"column":2},"end":{"line":24,"column":5}},"3":{"start":{"line":25,"column":2},"end":{"line":25,"column":18}}},"fnMap":{"0":{"name":"(anonymous_0)","decl":{"start":{"line":5,"column":17},"end":{"line":5,"column":18}},"loc":{"start":{"line":5,"column":43},"end":{"line":26,"column":1}},"line":5},"1":{"name":"(anonymous_1)","decl":{"start":{"line":12,"column":4},"end":{"line":12,"column":5}},"loc":{"start":{"line":12,"column":29},"end":{"line":17,"column":5}},"line":12}},"branchMap":{},"s":{"0":2,"1":2,"2":2,"3":2},"f":{"0":2,"1":2},"b":{},"_coverageSchema":"1a1c01bbd47fc00a2c39e90264f33305004495a9","hash":"8db9a470cbe1e90ef703a6fda9424b5cb56f668a"}
,"C:\\Users\\PC\\Desktop\\BOOTCAMP\\PHASE2_REMEDI\\Latihan\\New-Project\\models\\index.js": {"path":"C:\\Users\\PC\\Desktop\\BOOTCAMP\\PHASE2_REMEDI\\Latihan\\New-Project\\models\\index.js","statementMap":{"0":{"start":{"line":3,"column":11},"end":{"line":3,"column":24}},"1":{"start":{"line":4,"column":13},"end":{"line":4,"column":28}},"2":{"start":{"line":5,"column":18},"end":{"line":5,"column":38}},"3":{"start":{"line":6,"column":16},"end":{"line":6,"column":34}},"4":{"start":{"line":7,"column":17},"end":{"line":7,"column":42}},"5":{"start":{"line":8,"column":12},"end":{"line":8,"column":49}},"6":{"start":{"line":9,"column":15},"end":{"line":9,"column":65}},"7":{"start":{"line":10,"column":11},"end":{"line":10,"column":13}},"8":{"start":{"line":13,"column":0},"end":{"line":17,"column":1}},"9":{"start":{"line":14,"column":2},"end":{"line":14,"column":74}},"10":{"start":{"line":16,"column":2},"end":{"line":16,"column":87}},"11":{"start":{"line":19,"column":0},"end":{"line":32,"column":5}},"12":{"start":{"line":22,"column":4},"end":{"line":27,"column":6}},"13":{"start":{"line":30,"column":18},"end":{"line":30,"column":85}},"14":{"start":{"line":31,"column":4},"end":{"line":31,"column":27}},"15":{"start":{"line":34,"column":0},"end":{"line":38,"column":3}},"16":{"start":{"line":35,"column":2},"end":{"line":37,"column":3}},"17":{"start":{"line":36,"column":4},"end":{"line":36,"column":32}},"18":{"start":{"line":40,"column":0},"end":{"line":40,"column":25}},"19":{"start":{"line":41,"column":0},"end":{"line":41,"column":25}},"20":{"start":{"line":43,"column":0},"end":{"line":43,"column":20}}},"fnMap":{"0":{"name":"(anonymous_0)","decl":{"start":{"line":21,"column":10},"end":{"line":21,"column":11}},"loc":{"start":{"line":21,"column":18},"end":{"line":28,"column":3}},"line":21},"1":{"name":"(anonymous_1)","decl":{"start":{"line":29,"column":11},"end":{"line":29,"column":12}},"loc":{"start":{"line":29,"column":19},"end":{"line":32,"column":3}},"line":29},"2":{"name":"(anonymous_2)","decl":{"start":{"line":34,"column":24},"end":{"line":34,"column":25}},"loc":{"start":{"line":34,"column":37},"end":{"line":38,"column":1}},"line":34}},"branchMap":{"0":{"loc":{"start":{"line":8,"column":12},"end":{"line":8,"column":49}},"type":"binary-expr","locations":[{"start":{"line":8,"column":12},"end":{"line":8,"column":32}},{"start":{"line":8,"column":36},"end":{"line":8,"column":49}}],"line":8},"1":{"loc":{"start":{"line":13,"column":0},"end":{"line":17,"column":1}},"type":"if","locations":[{"start":{"line":13,"column":0},"end":{"line":17,"column":1}},{"start":{"line":15,"column":7},"end":{"line":17,"column":1}}],"line":13},"2":{"loc":{"start":{"line":23,"column":6},"end":{"line":26,"column":37}},"type":"binary-expr","locations":[{"start":{"line":23,"column":6},"end":{"line":23,"column":29}},{"start":{"line":24,"column":6},"end":{"line":24,"column":23}},{"start":{"line":25,"column":6},"end":{"line":25,"column":30}},{"start":{"line":26,"column":6},"end":{"line":26,"column":37}}],"line":23},"3":{"loc":{"start":{"line":35,"column":2},"end":{"line":37,"column":3}},"type":"if","locations":[{"start":{"line":35,"column":2},"end":{"line":37,"column":3}},{"start":{},"end":{}}],"line":35}},"s":{"0":2,"1":2,"2":2,"3":2,"4":2,"5":2,"6":2,"7":2,"8":2,"9":0,"10":2,"11":2,"12":8,"13":6,"14":6,"15":2,"16":6,"17":6,"18":2,"19":2,"20":2},"f":{"0":8,"1":6,"2":6},"b":{"0":[2,0],"1":[0,2],"2":[8,8,6,6],"3":[6,0]},"_coverageSchema":"1a1c01bbd47fc00a2c39e90264f33305004495a9","hash":"f9c40c98633d99f8488f6f530e905c26d6c90cd0"}
,"C:\\Users\\PC\\Desktop\\BOOTCAMP\\PHASE2_REMEDI\\Latihan\\New-Project\\models\\product.js": {"path":"C:\\Users\\PC\\Desktop\\BOOTCAMP\\PHASE2_REMEDI\\Latihan\\New-Project\\models\\product.js","statementMap":{"0":{"start":{"line":4,"column":4},"end":{"line":4,"column":24}},"1":{"start":{"line":5,"column":0},"end":{"line":108,"column":2}},"2":{"start":{"line":14,"column":6},"end":{"line":16,"column":8}},"3":{"start":{"line":17,"column":6},"end":{"line":19,"column":8}},"4":{"start":{"line":22,"column":2},"end":{"line":106,"column":5}},"5":{"start":{"line":107,"column":2},"end":{"line":107,"column":17}}},"fnMap":{"0":{"name":"(anonymous_0)","decl":{"start":{"line":5,"column":17},"end":{"line":5,"column":18}},"loc":{"start":{"line":5,"column":43},"end":{"line":108,"column":1}},"line":5},"1":{"name":"(anonymous_1)","decl":{"start":{"line":12,"column":4},"end":{"line":12,"column":5}},"loc":{"start":{"line":12,"column":29},"end":{"line":20,"column":5}},"line":12}},"branchMap":{},"s":{"0":2,"1":2,"2":2,"3":2,"4":2,"5":2},"f":{"0":2,"1":2},"b":{},"_coverageSchema":"1a1c01bbd47fc00a2c39e90264f33305004495a9","hash":"8558f68e00fd2c1dc3f38c08e2da501fbab9ef63"}
,"C:\\Users\\PC\\Desktop\\BOOTCAMP\\PHASE2_REMEDI\\Latihan\\New-Project\\models\\user.js": {"path":"C:\\Users\\PC\\Desktop\\BOOTCAMP\\PHASE2_REMEDI\\Latihan\\New-Project\\models\\user.js","statementMap":{"0":{"start":{"line":4,"column":4},"end":{"line":4,"column":24}},"1":{"start":{"line":5,"column":25},"end":{"line":5,"column":53}},"2":{"start":{"line":6,"column":0},"end":{"line":106,"column":2}},"3":{"start":{"line":20,"column":2},"end":{"line":104,"column":5}},"4":{"start":{"line":100,"column":8},"end":{"line":100,"column":51}},"5":{"start":{"line":105,"column":2},"end":{"line":105,"column":14}}},"fnMap":{"0":{"name":"(anonymous_0)","decl":{"start":{"line":6,"column":17},"end":{"line":6,"column":18}},"loc":{"start":{"line":6,"column":43},"end":{"line":106,"column":1}},"line":6},"1":{"name":"(anonymous_1)","decl":{"start":{"line":13,"column":4},"end":{"line":13,"column":5}},"loc":{"start":{"line":13,"column":29},"end":{"line":18,"column":5}},"line":13},"2":{"name":"(anonymous_2)","decl":{"start":{"line":99,"column":6},"end":{"line":99,"column":7}},"loc":{"start":{"line":99,"column":24},"end":{"line":101,"column":7}},"line":99}},"branchMap":{},"s":{"0":2,"1":2,"2":2,"3":2,"4":0,"5":2},"f":{"0":2,"1":2,"2":0},"b":{},"_coverageSchema":"1a1c01bbd47fc00a2c39e90264f33305004495a9","hash":"d5f154b83ddf2fedbd749c1d47fb0bca2d61b17a"}
,"C:\\Users\\PC\\Desktop\\BOOTCAMP\\PHASE2_REMEDI\\Latihan\\New-Project\\routers\\categories.js": {"path":"C:\\Users\\PC\\Desktop\\BOOTCAMP\\PHASE2_REMEDI\\Latihan\\New-Project\\routers\\categories.js","statementMap":{"0":{"start":{"line":1,"column":22},"end":{"line":1,"column":66}},"1":{"start":{"line":3,"column":15},"end":{"line":3,"column":42}},"2":{"start":{"line":5,"column":0},"end":{"line":5,"column":55}},"3":{"start":{"line":6,"column":0},"end":{"line":6,"column":52}},"4":{"start":{"line":7,"column":0},"end":{"line":7,"column":23}}},"fnMap":{},"branchMap":{},"s":{"0":2,"1":2,"2":2,"3":2,"4":2},"f":{},"b":{},"_coverageSchema":"1a1c01bbd47fc00a2c39e90264f33305004495a9","hash":"b66661698846ae6091f9be902751f553d0f5ca6b"}
,"C:\\Users\\PC\\Desktop\\BOOTCAMP\\PHASE2_REMEDI\\Latihan\\New-Project\\routers\\index.js": {"path":"C:\\Users\\PC\\Desktop\\BOOTCAMP\\PHASE2_REMEDI\\Latihan\\New-Project\\routers\\index.js","statementMap":{"0":{"start":{"line":1,"column":15},"end":{"line":1,"column":42}},"1":{"start":{"line":2,"column":19},"end":{"line":2,"column":37}},"2":{"start":{"line":3,"column":22},"end":{"line":3,"column":43}},"3":{"start":{"line":4,"column":18},"end":{"line":4,"column":41}},"4":{"start":{"line":6,"column":0},"end":{"line":6,"column":23}},"5":{"start":{"line":7,"column":0},"end":{"line":7,"column":22}},"6":{"start":{"line":8,"column":0},"end":{"line":8,"column":38}},"7":{"start":{"line":10,"column":0},"end":{"line":10,"column":23}}},"fnMap":{},"branchMap":{},"s":{"0":2,"1":2,"2":2,"3":2,"4":2,"5":2,"6":2,"7":2},"f":{},"b":{},"_coverageSchema":"1a1c01bbd47fc00a2c39e90264f33305004495a9","hash":"f3193af20fe0b27d693e7469569216c65d242305"}
,"C:\\Users\\PC\\Desktop\\BOOTCAMP\\PHASE2_REMEDI\\Latihan\\New-Project\\routers\\products.js": {"path":"C:\\Users\\PC\\Desktop\\BOOTCAMP\\PHASE2_REMEDI\\Latihan\\New-Project\\routers\\products.js","statementMap":{"0":{"start":{"line":1,"column":26},"end":{"line":1,"column":69}},"1":{"start":{"line":2,"column":23},"end":{"line":2,"column":63}},"2":{"start":{"line":3,"column":22},"end":{"line":3,"column":61}},"3":{"start":{"line":4,"column":15},"end":{"line":4,"column":42}},"4":{"start":{"line":6,"column":0},"end":{"line":6,"column":26}},"5":{"start":{"line":7,"column":0},"end":{"line":7,"column":47}},"6":{"start":{"line":8,"column":0},"end":{"line":8,"column":25}},"7":{"start":{"line":9,"column":0},"end":{"line":9,"column":48}},"8":{"start":{"line":10,"column":0},"end":{"line":10,"column":50}},"9":{"start":{"line":11,"column":0},"end":{"line":11,"column":55}},"10":{"start":{"line":13,"column":0},"end":{"line":13,"column":23}}},"fnMap":{},"branchMap":{},"s":{"0":2,"1":2,"2":2,"3":2,"4":2,"5":2,"6":2,"7":2,"8":2,"9":2,"10":2},"f":{},"b":{},"_coverageSchema":"1a1c01bbd47fc00a2c39e90264f33305004495a9","hash":"ce9c634a5fa316fda77ccbadd5789275c8c8885f"}
,"C:\\Users\\PC\\Desktop\\BOOTCAMP\\PHASE2_REMEDI\\Latihan\\New-Project\\routers\\users.js": {"path":"C:\\Users\\PC\\Desktop\\BOOTCAMP\\PHASE2_REMEDI\\Latihan\\New-Project\\routers\\users.js","statementMap":{"0":{"start":{"line":1,"column":23},"end":{"line":1,"column":63}},"1":{"start":{"line":3,"column":15},"end":{"line":3,"column":42}},"2":{"start":{"line":5,"column":0},"end":{"line":5,"column":55}},"3":{"start":{"line":6,"column":0},"end":{"line":6,"column":47}},"4":{"start":{"line":8,"column":0},"end":{"line":8,"column":23}}},"fnMap":{},"branchMap":{},"s":{"0":2,"1":2,"2":2,"3":2,"4":2},"f":{},"b":{},"_coverageSchema":"1a1c01bbd47fc00a2c39e90264f33305004495a9","hash":"3c83fb243736158a72e3bf3e75a93220744526b7"}
}
