TN:
SF:app.js
FN:12,(anonymous_0)
FNF:1
FNH:0
FNDA:0,(anonymous_0)
DA:1,2
DA:2,2
DA:4,2
DA:5,2
DA:7,2
DA:9,2
DA:10,2
DA:12,2
DA:13,0
DA:15,2
DA:16,2
DA:21,2
LF:12
LH:11
BRDA:1,0,0,2
BRDA:1,0,1,0
BRF:2
BRH:1
end_of_record
TN:
SF:controllers\categoryController.js
FN:3,(anonymous_0)
FN:17,(anonymous_1)
FNF:2
FNH:0
FNDA:0,(anonymous_0)
FNDA:0,(anonymous_1)
DA:1,2
DA:4,0
DA:5,0
DA:6,0
DA:7,0
DA:12,0
DA:13,0
DA:18,0
DA:19,0
DA:20,0
DA:25,0
DA:26,0
DA:30,2
LF:13
LH:2
BRF:0
BRH:0
end_of_record
TN:
SF:controllers\productController.js
FN:3,(anonymous_0)
FN:28,(anonymous_1)
FN:50,(anonymous_2)
FN:70,(anonymous_3)
FNF:4
FNH:3
FNDA:2,(anonymous_0)
FNDA:0,(anonymous_1)
FNDA:3,(anonymous_2)
FNDA:2,(anonymous_3)
DA:1,2
DA:4,2
DA:6,2
DA:8,2
DA:9,2
DA:18,1
DA:23,1
DA:24,1
DA:29,0
DA:30,0
DA:40,0
DA:45,0
DA:46,0
DA:51,3
DA:52,3
DA:53,3
DA:54,3
DA:55,3
DA:57,3
DA:58,1
DA:60,2
DA:61,1
DA:66,2
DA:67,2
DA:71,2
DA:72,2
DA:73,2
DA:74,2
DA:75,1
DA:77,1
DA:78,1
DA:82,1
DA:83,1
DA:87,2
LF:34
LH:29
BRDA:57,0,0,1
BRDA:57,0,1,2
BRDA:74,1,0,1
BRDA:74,1,1,1
BRF:4
BRH:4
end_of_record
TN:
SF:controllers\userController.js
FN:5,(anonymous_0)
FN:22,(anonymous_1)
FNF:2
FNH:1
FNDA:0,(anonymous_0)
FNDA:5,(anonymous_1)
DA:1,2
DA:2,2
DA:3,2
DA:6,0
DA:8,0
DA:9,0
DA:10,0
DA:17,0
DA:18,0
DA:23,5
DA:25,5
DA:27,5
DA:28,1
DA:30,4
DA:31,1
DA:33,3
DA:34,0
DA:36,3
DA:37,3
DA:38,1
DA:41,2
DA:43,2
DA:44,1
DA:46,1
DA:48,1
DA:53,4
DA:54,4
DA:59,2
LF:28
LH:21
BRDA:27,0,0,1
BRDA:27,0,1,4
BRDA:30,1,0,1
BRDA:30,1,1,3
BRDA:33,2,0,0
BRDA:33,2,1,3
BRDA:37,3,0,1
BRDA:37,3,1,2
BRDA:43,4,0,1
BRDA:43,4,1,1
BRF:10
BRH:9
end_of_record
TN:
SF:helpers\bcrypt.js
FN:3,(anonymous_0)
FN:6,(anonymous_1)
FNF:2
FNH:2
FNDA:4,(anonymous_0)
FNDA:2,(anonymous_1)
DA:1,2
DA:3,2
DA:4,4
DA:6,2
DA:7,2
DA:9,2
LF:6
LH:6
BRF:0
BRH:0
end_of_record
TN:
SF:helpers\jwt.js
FN:5,(anonymous_0)
FN:8,(anonymous_1)
FNF:2
FNH:2
FNDA:3,(anonymous_0)
FNDA:10,(anonymous_1)
DA:1,2
DA:3,2
DA:5,2
DA:6,3
DA:8,2
DA:9,10
DA:12,2
LF:7
LH:7
BRF:0
BRH:0
end_of_record
TN:
SF:middlewares\authentication.js
FN:3,(anonymous_0)
FNF:1
FNH:1
FNDA:13,(anonymous_0)
DA:1,2
DA:2,2
DA:3,2
DA:4,13
DA:6,13
DA:7,13
DA:8,3
DA:10,10
DA:11,10
DA:12,0
DA:14,10
DA:16,7
DA:18,7
DA:19,0
DA:21,7
DA:22,7
DA:24,6
DA:25,6
DA:28,2
LF:19
LH:17
BRDA:7,0,0,3
BRDA:7,0,1,10
BRDA:11,1,0,0
BRDA:11,1,1,10
BRDA:18,2,0,0
BRDA:18,2,1,7
BRF:6
BRH:4
end_of_record
TN:
SF:middlewares\authorization.js
FN:2,(anonymous_0)
FNF:1
FNH:1
FNDA:7,(anonymous_0)
DA:1,2
DA:2,2
DA:3,7
DA:4,7
DA:6,7
DA:7,0
DA:9,7
DA:13,0
DA:14,0
DA:17,2
LF:10
LH:7
BRDA:6,0,0,0
BRDA:6,0,1,7
BRF:2
BRH:1
end_of_record
TN:
SF:middlewares\errorHandler.js
FN:1,(anonymous_0)
FNF:1
FNH:1
FNDA:14,(anonymous_0)
DA:1,2
DA:2,14
DA:3,2
DA:4,12
DA:5,0
DA:6,12
DA:7,1
DA:8,11
DA:9,1
DA:10,10
DA:11,0
DA:12,10
DA:13,1
DA:14,9
DA:15,1
DA:16,8
DA:17,6
DA:18,2
DA:19,2
DA:20,0
DA:21,0
DA:23,14
DA:25,2
LF:23
LH:19
BRDA:2,0,0,2
BRDA:2,0,1,12
BRDA:4,1,0,0
BRDA:4,1,1,12
BRDA:6,2,0,1
BRDA:6,2,1,11
BRDA:8,3,0,1
BRDA:8,3,1,10
BRDA:10,4,0,0
BRDA:10,4,1,10
BRDA:12,5,0,1
BRDA:12,5,1,9
BRDA:14,6,0,1
BRDA:14,6,1,8
BRDA:16,7,0,6
BRDA:16,7,1,2
BRDA:18,8,0,2
BRDA:18,8,1,0
BRDA:20,9,0,0
BRDA:20,9,1,0
BRF:20
BRH:15
end_of_record
TN:
SF:models\category.js
FN:5,(anonymous_0)
FN:12,(anonymous_1)
FNF:2
FNH:2
FNDA:2,(anonymous_0)
FNDA:2,(anonymous_1)
DA:4,2
DA:5,2
DA:19,2
DA:25,2
LF:4
LH:4
BRF:0
BRH:0
end_of_record
TN:
SF:models\index.js
FN:21,(anonymous_0)
FN:29,(anonymous_1)
FN:34,(anonymous_2)
FNF:3
FNH:3
FNDA:8,(anonymous_0)
FNDA:6,(anonymous_1)
FNDA:6,(anonymous_2)
DA:3,2
DA:4,2
DA:5,2
DA:6,2
DA:7,2
DA:8,2
DA:9,2
DA:10,2
DA:13,2
DA:14,0
DA:16,2
DA:19,2
DA:22,8
DA:30,6
DA:31,6
DA:34,2
DA:35,6
DA:36,6
DA:40,2
DA:41,2
DA:43,2
LF:21
LH:20
BRDA:8,0,0,2
BRDA:8,0,1,0
BRDA:13,1,0,0
BRDA:13,1,1,2
BRDA:23,2,0,8
BRDA:23,2,1,8
BRDA:23,2,2,6
BRDA:23,2,3,6
BRDA:35,3,0,6
BRDA:35,3,1,0
BRF:10
BRH:7
end_of_record
TN:
SF:models\product.js
FN:5,(anonymous_0)
FN:12,(anonymous_1)
FNF:2
FNH:2
FNDA:2,(anonymous_0)
FNDA:2,(anonymous_1)
DA:4,2
DA:5,2
DA:14,2
DA:17,2
DA:22,2
DA:107,2
LF:6
LH:6
BRF:0
BRH:0
end_of_record
TN:
SF:models\user.js
FN:6,(anonymous_0)
FN:13,(anonymous_1)
FN:99,(anonymous_2)
FNF:3
FNH:2
FNDA:2,(anonymous_0)
FNDA:2,(anonymous_1)
FNDA:0,(anonymous_2)
DA:4,2
DA:5,2
DA:6,2
DA:20,2
DA:100,0
DA:105,2
LF:6
LH:5
BRF:0
BRH:0
end_of_record
TN:
SF:routers\categories.js
FNF:0
FNH:0
DA:1,2
DA:3,2
DA:5,2
DA:6,2
DA:7,2
LF:5
LH:5
BRF:0
BRH:0
end_of_record
TN:
SF:routers\index.js
FNF:0
FNH:0
DA:1,2
DA:2,2
DA:3,2
DA:4,2
DA:6,2
DA:7,2
DA:8,2
DA:10,2
LF:8
LH:8
BRF:0
BRH:0
end_of_record
TN:
SF:routers\products.js
FNF:0
FNH:0
DA:1,2
DA:2,2
DA:3,2
DA:4,2
DA:6,2
DA:7,2
DA:8,2
DA:9,2
DA:10,2
DA:11,2
DA:13,2
LF:11
LH:11
BRF:0
BRH:0
end_of_record
TN:
SF:routers\users.js
FNF:0
FNH:0
DA:1,2
DA:3,2
DA:5,2
DA:6,2
DA:8,2
LF:5
LH:5
BRF:0
BRH:0
end_of_record
